<?xml version="1.0" encoding="UTF-8"?>
<!-- Generated by org.testng.reporters.JUnitXMLReporter -->
<testsuite hostname="KARTHICK" name="sanity test1" tests="1" failures="0" timestamp="21 Nov 2020 21:37:28 GMT" time="2.133" errors="0">
  <testcase name="@BeforeTest setup" time="0.0" classname="com.deasliwant.admin.tests.CategoryTests">
    <failure type="org.openqa.selenium.WebDriverException" message="unknown error: cannot find Chrome binary
Build info: version: &amp;apos;3.141.59&amp;apos;, revision: &amp;apos;e82be7d358&amp;apos;, time: &amp;apos;2018-11-14T08:17:03&amp;apos;
System info: host: &amp;apos;KARTHICK&amp;apos;, ip: &amp;apos;192.168.1.4&amp;apos;, os.name: &amp;apos;Windows 8.1&amp;apos;, os.arch: &amp;apos;amd64&amp;apos;, os.version: &amp;apos;6.3&amp;apos;, java.version: &amp;apos;1.8.0_271&amp;apos;
Driver info: driver.version: ChromeDriver
remote stacktrace: Backtrace:
	Ordinal0 [0x011587E3+2852835]
	Ordinal0 [0x01045BB1+1727409]
	Ordinal0 [0x00F1E4B9+517305]
	Ordinal0 [0x00EACA98+51864]
	Ordinal0 [0x00ECD9F7+186871]
	Ordinal0 [0x00ECD7FD+186365]
	Ordinal0 [0x00ECB70B+177931]
	Ordinal0 [0x00EB2584+75140]
	Ordinal0 [0x00EB3650+79440]
	Ordinal0 [0x00EB35E9+79337]
	Ordinal0 [0x0105AD5C+1813852]
	GetHandleVerifier [0x0127C616+1075574]
	GetHandleVerifier [0x0127C367+1074887]
	GetHandleVerifier [0x01287497+1120247]
	GetHandleVerifier [0x0127CC16+1077110]
	Ordinal0 [0x01053206+1782278]
	Ordinal0 [0x0105C3BB+1819579]
	Ordinal0 [0x0105C523+1819939]
	Ordinal0 [0x01072B45+1911621]
	BaseThreadInitThunk [0x759E7C04+36]
	RtlInitializeExceptionChain [0x77B6B90F+143]
	RtlInitializeExceptionChain [0x77B6B8DA+90]
">
      <![CDATA[org.openqa.selenium.WebDriverException: unknown error: cannot find Chrome binary
Build info: version: '3.141.59', revision: 'e82be7d358', time: '2018-11-14T08:17:03'
System info: host: 'KARTHICK', ip: '192.168.1.4', os.name: 'Windows 8.1', os.arch: 'amd64', os.version: '6.3', java.version: '1.8.0_271'
Driver info: driver.version: ChromeDriver
remote stacktrace: Backtrace:
	Ordinal0 [0x011587E3+2852835]
	Ordinal0 [0x01045BB1+1727409]
	Ordinal0 [0x00F1E4B9+517305]
	Ordinal0 [0x00EACA98+51864]
	Ordinal0 [0x00ECD9F7+186871]
	Ordinal0 [0x00ECD7FD+186365]
	Ordinal0 [0x00ECB70B+177931]
	Ordinal0 [0x00EB2584+75140]
	Ordinal0 [0x00EB3650+79440]
	Ordinal0 [0x00EB35E9+79337]
	Ordinal0 [0x0105AD5C+1813852]
	GetHandleVerifier [0x0127C616+1075574]
	GetHandleVerifier [0x0127C367+1074887]
	GetHandleVerifier [0x01287497+1120247]
	GetHandleVerifier [0x0127CC16+1077110]
	Ordinal0 [0x01053206+1782278]
	Ordinal0 [0x0105C3BB+1819579]
	Ordinal0 [0x0105C523+1819939]
	Ordinal0 [0x01072B45+1911621]
	BaseThreadInitThunk [0x759E7C04+36]
	RtlInitializeExceptionChain [0x77B6B90F+143]
	RtlInitializeExceptionChain [0x77B6B8DA+90]

	at org.openqa.selenium.remote.W3CHandshakeResponse.lambda$errorHandler$0(W3CHandshakeResponse.java:62)
	at org.openqa.selenium.remote.HandshakeResponse.lambda$getResponseFunction$0(HandshakeResponse.java:30)
	at org.openqa.selenium.remote.ProtocolHandshake.lambda$createSession$0(ProtocolHandshake.java:126)
	at java.util.stream.ReferencePipeline$3$1.accept(Unknown Source)
	at java.util.Spliterators$ArraySpliterator.tryAdvance(Unknown Source)
	at java.util.stream.ReferencePipeline.forEachWithCancel(Unknown Source)
	at java.util.stream.AbstractPipeline.copyIntoWithCancel(Unknown Source)
	at java.util.stream.AbstractPipeline.copyInto(Unknown Source)
	at java.util.stream.AbstractPipeline.wrapAndCopyInto(Unknown Source)
	at java.util.stream.FindOps$FindOp.evaluateSequential(Unknown Source)
	at java.util.stream.AbstractPipeline.evaluate(Unknown Source)
	at java.util.stream.ReferencePipeline.findFirst(Unknown Source)
	at org.openqa.selenium.remote.ProtocolHandshake.createSession(ProtocolHandshake.java:128)
	at org.openqa.selenium.remote.ProtocolHandshake.createSession(ProtocolHandshake.java:74)
	at org.openqa.selenium.remote.HttpCommandExecutor.execute(HttpCommandExecutor.java:136)
	at org.openqa.selenium.remote.service.DriverCommandExecutor.execute(DriverCommandExecutor.java:83)
	at org.openqa.selenium.remote.RemoteWebDriver.execute(RemoteWebDriver.java:552)
	at org.openqa.selenium.remote.RemoteWebDriver.startSession(RemoteWebDriver.java:213)
	at org.openqa.selenium.remote.RemoteWebDriver.<init>(RemoteWebDriver.java:131)
	at org.openqa.selenium.chrome.ChromeDriver.<init>(ChromeDriver.java:181)
	at org.openqa.selenium.chrome.ChromeDriver.<init>(ChromeDriver.java:168)
	at org.openqa.selenium.chrome.ChromeDriver.<init>(ChromeDriver.java:123)
	at com.dealsiwant.utils.BaseTest.setup(BaseTest.java:92)
... Removed 26 stack frames]]>
    </failure>
  </testcase> <!-- @BeforeTest setup -->
  <testcase name="@AfterMethod getResult" time="0.0" classname="com.deasliwant.admin.tests.CategoryTests">
    <skipped/>
  </testcase> <!-- @AfterMethod getResult -->
  <testcase name="@AfterTest tearDown" time="0.0" classname="com.deasliwant.admin.tests.CategoryTests">
    <skipped/>
  </testcase> <!-- @AfterTest tearDown -->
  <testcase name="verifyCategoryListing" time="0.004" classname="com.deasliwant.admin.tests.CategoryTests">
    <skipped/>
  </testcase> <!-- verifyCategoryListing -->
</testsuite> <!-- sanity test1 -->
